<?xml version="1.0" encoding="UTF-8"?>
<!-- Generated by org.testng.reporters.JUnitReportReporter -->
<testsuite skipped="0" hostname="RSI1596" name="br.com.rsinet.appium.tdd.test.CadastroDeUsuarioTest" tests="2" failures="0" timestamp="2020-02-05T09:09:48 BRT" time="86.687" errors="0">
  <testcase name="deveCadastrarUsuario" time="44.496" classname="br.com.rsinet.appium.tdd.test.CadastroDeUsuarioTest"/>
  <testcase name="deveTentarCadastrarUsuarioJaExistente" time="42.191" classname="br.com.rsinet.appium.tdd.test.CadastroDeUsuarioTest"/>
</testsuite> <!-- br.com.rsinet.appium.tdd.test.CadastroDeUsuarioTest -->
