<?xml version="1.0" encoding="UTF-8"?>
<!-- Generated by org.testng.reporters.JUnitReportReporter -->
<testsuite skipped="0" hostname="RSI1596" name="br.com.rsinet.appium.tdd.test.ConsultaDeProdutoCampoPesquisaTest" tests="2" failures="0" timestamp="2020-02-05T10:27:27 BRT" time="29.712" errors="0">
  <testcase name="consultaProdutoLupaInvalido" time="13.531" classname="br.com.rsinet.appium.tdd.test.ConsultaDeProdutoCampoPesquisaTest"/>
  <testcase name="consultaProdutoLupa" time="16.181" classname="br.com.rsinet.appium.tdd.test.ConsultaDeProdutoCampoPesquisaTest"/>
</testsuite> <!-- br.com.rsinet.appium.tdd.test.ConsultaDeProdutoCampoPesquisaTest -->
