<?xml version="1.0" encoding="UTF-8"?>
<!-- Generated by org.testng.reporters.JUnitReportReporter -->
<testsuite skipped="0" hostname="RSI1596" name="br.com.rsinet.appium.tdd.test.ConsultaDeProdutoTelaPrincipalTest" tests="2" failures="0" timestamp="2020-02-10T10:48:18 BRT" time="31.381" errors="0">
  <testcase name="consultaProdutoTelaPrincipalEsgotado" time="14.794" classname="br.com.rsinet.appium.tdd.test.ConsultaDeProdutoTelaPrincipalTest"/>
  <testcase name="consultaProdutoTelaPrincipal" time="16.587" classname="br.com.rsinet.appium.tdd.test.ConsultaDeProdutoTelaPrincipalTest"/>
</testsuite> <!-- br.com.rsinet.appium.tdd.test.ConsultaDeProdutoTelaPrincipalTest -->
