<?xml version="1.0" encoding="UTF-8"?>
<!-- Generated by org.testng.reporters.JUnitReportReporter -->
<testsuite skipped="0" hostname="RSI1596" name="br.com.rsinet.appium.tdd.test.CadastroDeUsuarioTest" tests="2" failures="0" timestamp="2020-02-05T10:27:27 BRT" time="84.775" errors="0">
  <testcase name="deveTentarCadastrarUsuarioJaExistente" time="38.695" classname="br.com.rsinet.appium.tdd.test.CadastroDeUsuarioTest"/>
  <testcase name="deveCadastrarUsuario" time="46.080" classname="br.com.rsinet.appium.tdd.test.CadastroDeUsuarioTest"/>
</testsuite> <!-- br.com.rsinet.appium.tdd.test.CadastroDeUsuarioTest -->
