<?xml version="1.0" encoding="UTF-8"?>
<!-- Generated by org.testng.reporters.JUnitReportReporter -->
<testsuite skipped="0" hostname="RSI1596" name="br.com.rsinet.appium.tdd.test.CadastroDeUsuarioTest" tests="2" failures="0" timestamp="2020-02-12T10:46:00 BRT" time="75.746" errors="0">
  <testcase name="deveTentarCadastrarUsuarioJaExistente" time="35.806" classname="br.com.rsinet.appium.tdd.test.CadastroDeUsuarioTest"/>
  <testcase name="deveCadastrarUsuario" time="39.940" classname="br.com.rsinet.appium.tdd.test.CadastroDeUsuarioTest"/>
</testsuite> <!-- br.com.rsinet.appium.tdd.test.CadastroDeUsuarioTest -->
